<?xml version="1.0" encoding="UTF-8" standalone="no"?>
<testsuite failures="0" name="cucumber.runtime.formatter.JUnitFormatter" skipped="0" tests="3" time="0.319952">
<testcase classname="Test tagged hooks" name="This is first test scenario" time="0.314238">
<system-out><![CDATA[When this is first step.....................................................passed
Then this is second step....................................................passed
Then this is third step.....................................................passed
]]></system-out>
</testcase>
<testcase classname="Test tagged hooks" name="This is second test scenario" time="0.004194">
<system-out><![CDATA[When this is first step.....................................................passed
Then this is second step....................................................passed
Then this is third step.....................................................passed
]]></system-out>
</testcase>
<testcase classname="Test tagged hooks" name="This is third test scenario" time="0.00152">
<system-out><![CDATA[When this is first step.....................................................passed
Then this is second step....................................................passed
Then this is third step.....................................................passed
]]></system-out>
</testcase>
</testsuite>
